<?xml version="1.0" encoding="UTF-8"?>
<!-- Generated by org.testng.reporters.JUnitXMLReporter -->
<testsuite hostname="Tejaswini" ignored="3" name="Default test" tests="1" failures="0" timestamp="20 Oct 2018 07:09:56 GMT" time="8.0" errors="0">
  <testcase name="check_loginpage_links" time="0.076" classname="com.qa.Testcases.LoginPageTest"/>
  <testcase name="logintest" time="0.0" classname="com.qa.Testcases.LoginPageTest">
    <ignored/>
  </testcase> <!-- logintest -->
  <testcase name="verifyloginpagetitle" time="0.0" classname="com.qa.Testcases.LoginPageTest">
    <ignored/>
  </testcase> <!-- verifyloginpagetitle -->
  <testcase name="check_loginbutton_color" time="0.0" classname="com.qa.Testcases.LoginPageTest">
    <ignored/>
  </testcase> <!-- check_loginbutton_color -->
</testsuite> <!-- Default test -->
