<?xml version="1.0" encoding="UTF-8"?>
<!-- Generated by org.testng.reporters.JUnitXMLReporter -->
<testsuite hostname="Tejaswini" ignored="0" name="Test" tests="10" failures="0" timestamp="18 Oct 2018 10:58:38 GMT" time="133.338" errors="0">
  <testcase name="verifycustomerpagetitle" time="0.025" classname="com.qa.Testcases.CustomerPageTest"/>
  <testcase name="verifyhomepagetitle" time="0.01" classname="com.qa.Testcases.HomePageTest"/>
  <testcase name="verifyloginpagetitle" time="0.01" classname="com.qa.Testcases.LoginPageTest"/>
  <testcase name="verifycusterlinktest" time="1.279" classname="com.qa.Testcases.HomePageTest"/>
  <testcase name="logintest" time="2.883" classname="com.qa.Testcases.LoginPageTest"/>
  <testcase name="clicksOnitemslinktest" time="2.38" classname="com.qa.Testcases.HomePageTest"/>
  <testcase name="clicksOnmanualtest" time="0.101" classname="com.qa.Testcases.HomePageTest"/>
  <testcase name="clicksOnsupplierstest" time="1.595" classname="com.qa.Testcases.HomePageTest"/>
  <testcase name="clicksOnlogouttest" time="15.11" classname="com.qa.Testcases.HomePageTest"/>
  <testcase name="clicksOnMainMenulinktest" time="2.255" classname="com.qa.Testcases.HomePageTest"/>
</testsuite> <!-- Test -->
