<?xml version="1.0" encoding="UTF-8"?>
<!-- Generated by org.testng.reporters.JUnitXMLReporter -->
<testsuite hostname="Tejaswini" ignored="0" name="Command line test" tests="10" failures="1" timestamp="19 Oct 2018 07:37:54 GMT" time="121.2" errors="0">
  <testcase name="verifycustomerpagetitle" time="0.01" classname="com.qa.Testcases.CustomerPageTest"/>
  <testcase name="verifyhomepagetitle" time="0.008" classname="com.qa.Testcases.HomePageTest"/>
  <testcase name="verifyloginpagetitle" time="0.009" classname="com.qa.Testcases.LoginPageTest">
    <failure type="java.lang.AssertionError" message="expected [webERP L ogin screen] but found [webERP Login screen]">
      <![CDATA[java.lang.AssertionError: expected [webERP L ogin screen] but found [webERP Login screen]
	at com.qa.Testcases.LoginPageTest.verifyloginpagetitle(LoginPageTest.java:40)
... Removed 41 stack frames]]>
    </failure>
  </testcase> <!-- verifyloginpagetitle -->
  <testcase name="verifycusterlinktest" time="1.156" classname="com.qa.Testcases.HomePageTest"/>
  <testcase name="logintest" time="2.862" classname="com.qa.Testcases.LoginPageTest"/>
  <testcase name="clicksOnitemslinktest" time="2.873" classname="com.qa.Testcases.HomePageTest"/>
  <testcase name="clicksOnmanualtest" time="0.122" classname="com.qa.Testcases.HomePageTest"/>
  <testcase name="clicksOnsupplierstest" time="1.265" classname="com.qa.Testcases.HomePageTest"/>
  <testcase name="clicksOnlogouttest" time="15.096" classname="com.qa.Testcases.HomePageTest"/>
  <testcase name="clicksOnMainMenulinktest" time="1.296" classname="com.qa.Testcases.HomePageTest"/>
</testsuite> <!-- Command line test -->
