<?xml version="1.0" encoding="UTF-8" ?>
<testsuite tests="10" failures="1" name="TestSuite" time="24.702" errors="0" skipped="0">
  <properties>
[...]
</properties>
  <testcase classname="com.qa.Testcases.CustomerPageTest" name="verifycustomerpagetitle" time="0.012"/>
  <testcase classname="com.qa.Testcases.HomePageTest" name="verifyhomepagetitle" time="0.008"/>
  <testcase classname="com.qa.Testcases.LoginPageTest" name="verifyloginpagetitle" time="0.013">
    <failure message="expected [webERP L ogin screen] but found [webERP Login screen]" type="java.lang.AssertionError">java.lang.AssertionError: expected [webERP L ogin screen] but found [webERP Login screen]
	at org.testng.Assert.fail(Assert.java:93)
	at org.testng.Assert.failNotEquals(Assert.java:512)
	at org.testng.Assert.assertEqualsImpl(Assert.java:134)
	at org.testng.Assert.assertEquals(Assert.java:115)
	at org.testng.Assert.assertEquals(Assert.java:189)
	at org.testng.Assert.assertEquals(Assert.java:199)
	at com.qa.Testcases.LoginPageTest.verifyloginpagetitle(LoginPageTest.java:40)
</failure>
    <system-err>Starting ChromeDriver 2.40.565498 (ea082db3280dd6843ebfb08a625e3eb905c4f5ab) on port 32758
Only local connections are allowed.
</system-err>
  </testcase>
  <testcase classname="com.qa.Testcases.HomePageTest" name="verifycusterlinktest" time="1.156"/>
  <testcase classname="com.qa.Testcases.LoginPageTest" name="logintest" time="2.86"/>
  <testcase classname="com.qa.Testcases.HomePageTest" name="clicksOnitemslinktest" time="2.874"/>
  <testcase classname="com.qa.Testcases.HomePageTest" name="clicksOnmanualtest" time="0.123"/>
  <testcase classname="com.qa.Testcases.HomePageTest" name="clicksOnsupplierstest" time="1.265"/>
  <testcase classname="com.qa.Testcases.HomePageTest" name="clicksOnlogouttest" time="15.095"/>
  <testcase classname="com.qa.Testcases.HomePageTest" name="clicksOnMainMenulinktest" time="1.296"/>
</testsuite>