<?xml version="1.0" encoding="UTF-8"?>
<testng-results skipped="0" failed="0" ignored="3" total="4" passed="1">
  <reporter-output>
  </reporter-output>
  <suite name="Default suite" duration-ms="8000" started-at="2018-10-20T07:09:48Z" finished-at="2018-10-20T07:09:56Z">
    <groups>
    </groups>
    <test name="Default test" duration-ms="8000" started-at="2018-10-20T07:09:48Z" finished-at="2018-10-20T07:09:56Z">
      <class name="com.qa.Testcases.LoginPageTest">
        <test-method status="PASS" signature="setUp()[pri:0, instance:com.qa.Testcases.LoginPageTest@77cd7a0]" name="setUp" is-config="true" duration-ms="6921" started-at="2018-10-20T12:39:48Z" finished-at="2018-10-20T12:39:55Z">
          <reporter-output>
          </reporter-output>
        </test-method> <!-- setUp -->
        <test-method status="PASS" signature="check_loginpage_links()[pri:4, instance:com.qa.Testcases.LoginPageTest@77cd7a0]" name="check_loginpage_links" duration-ms="76" started-at="2018-10-20T12:39:55Z" finished-at="2018-10-20T12:39:55Z">
          <reporter-output>
          </reporter-output>
        </test-method> <!-- check_loginpage_links -->
        <test-method status="PASS" signature="teardown()[pri:0, instance:com.qa.Testcases.LoginPageTest@77cd7a0]" name="teardown" is-config="true" duration-ms="974" started-at="2018-10-20T12:39:55Z" finished-at="2018-10-20T12:39:56Z">
          <reporter-output>
          </reporter-output>
        </test-method> <!-- teardown -->
      </class> <!-- com.qa.Testcases.LoginPageTest -->
    </test> <!-- Default test -->
  </suite> <!-- Default suite -->
</testng-results>
